  [1m[35m (0.3ms)[0m  [1m[35mCREATE TABLE "schema_migrations" ("version" varchar NOT NULL PRIMARY KEY)[0m
  [1m[35m (0.1ms)[0m  [1m[35mCREATE TABLE "ar_internal_metadata" ("key" varchar NOT NULL PRIMARY KEY, "value" varchar, "created_at" datetime(6) NOT NULL, "updated_at" datetime(6) NOT NULL)[0m
  [1m[36mActiveRecord::InternalMetadata Load (0.1ms)[0m  [1m[34mSELECT * FROM "ar_internal_metadata" WHERE "ar_internal_metadata"."key" = ? ORDER BY "ar_internal_metadata"."key" ASC LIMIT 1[0m  [[nil, "environment"]]
  [1m[36mActiveRecord::InternalMetadata Create (0.1ms)[0m  [1m[32mINSERT INTO "ar_internal_metadata" ("key", "value", "created_at", "updated_at") VALUES ('environment', 'development', '2025-10-20 19:13:02.227536', '2025-10-20 19:13:02.227538') RETURNING "key"[0m
  [1m[36mActiveRecord::SchemaMigration Load (0.0ms)[0m  [1m[34mSELECT "schema_migrations"."version" FROM "schema_migrations" ORDER BY "schema_migrations"."version" ASC[0m
Migrating to CreateProducts (20251020191250)
  [1m[36mTRANSACTION (0.0ms)[0m  [1m[36mbegin transaction[0m
  [1m[35m (0.5ms)[0m  [1m[35mCREATE TABLE "products" ("id" integer PRIMARY KEY AUTOINCREMENT NOT NULL, "name" varchar, "level" varchar, "dtp_price" decimal, "created_at" datetime(6) NOT NULL, "updated_at" datetime(6) NOT NULL)[0m
  [1m[36mActiveRecord::SchemaMigration Create (0.0ms)[0m  [1m[32mINSERT INTO "schema_migrations" ("version") VALUES ('20251020191250') RETURNING "version"[0m
  [1m[36mTRANSACTION (0.1ms)[0m  [1m[36mcommit transaction[0m
  [1m[36mActiveRecord::SchemaMigration Load (0.0ms)[0m  [1m[34mSELECT "schema_migrations"."version" FROM "schema_migrations" ORDER BY "schema_migrations"."version" ASC[0m
Started GET "/" for 127.0.0.1 at 2025-10-21 00:56:36 +0530
  [1m[36mActiveRecord::SchemaMigration Load (0.2ms)[0m  [1m[34mSELECT "schema_migrations"."version" FROM "schema_migrations" ORDER BY "schema_migrations"."version" ASC[0m
Processing by PriceCalculatorController#index as HTML
  [1m[36mProduct Pluck (0.1ms)[0m  [1m[34mSELECT DISTINCT "products"."level" FROM "products"[0m
  ↳ app/controllers/price_calculator_controller.rb:4:in `index'
  Rendering layout layouts/application.html.erb
  Rendering price_calculator/index.html.erb within layouts/application
  Rendered price_calculator/index.html.erb within layouts/application (Duration: 3.1ms | Allocations: 2278)
  Rendered layout layouts/application.html.erb (Duration: 226.8ms | Allocations: 156724)
Completed 200 OK in 263ms (Views: 232.4ms | ActiveRecord: 1.0ms | Allocations: 174487)


Started POST "/price_calculator/upload_csv" for 127.0.0.1 at 2025-10-21 00:57:44 +0530
Processing by PriceCalculatorController#upload_csv as TURBO_STREAM
  Parameters: {"authenticity_token"=>"[FILTERED]", "csv_file"=>#<ActionDispatch::Http::UploadedFile:0x0000000158ff2270 @tempfile=#<Tempfile:/var/folders/pg/hjqjg2bd6n19jqmz8j5jjp2h0000gp/T/RackMultipart20251021-69630-14onmz.csv>, @content_type="text/csv", @original_filename="sample_products.csv", @headers="Content-Disposition: form-data; name=\"csv_file\"; filename=\"sample_products.csv\"\r\nContent-Type: text/csv\r\n">, "commit"=>"Upload CSV"}
  [1m[36mProduct Load (0.2ms)[0m  [1m[34mSELECT "products".* FROM "products"[0m
  ↳ app/controllers/price_calculator_controller.rb:11:in `upload_csv'
Redirected to http://127.0.0.1:3000/
Completed 302 Found in 11ms (ActiveRecord: 0.2ms | Allocations: 3716)


Started GET "/" for 127.0.0.1 at 2025-10-21 00:57:44 +0530
Processing by PriceCalculatorController#index as TURBO_STREAM
  [1m[36mProduct Pluck (0.1ms)[0m  [1m[34mSELECT DISTINCT "products"."level" FROM "products"[0m
  ↳ app/controllers/price_calculator_controller.rb:4:in `index'
  Rendering layout layouts/application.html.erb
  Rendering price_calculator/index.html.erb within layouts/application
  Rendered price_calculator/index.html.erb within layouts/application (Duration: 1.8ms | Allocations: 1044)
  Rendered layout layouts/application.html.erb (Duration: 3.9ms | Allocations: 2906)
Completed 200 OK in 7ms (Views: 5.2ms | ActiveRecord: 0.1ms | Allocations: 3565)


Started POST "/price_calculator/upload_csv" for 127.0.0.1 at 2025-10-21 00:59:19 +0530
Processing by PriceCalculatorController#upload_csv as TURBO_STREAM
  Parameters: {"authenticity_token"=>"[FILTERED]", "csv_file"=>#<ActionDispatch::Http::UploadedFile:0x0000000158c12498 @tempfile=#<Tempfile:/var/folders/pg/hjqjg2bd6n19jqmz8j5jjp2h0000gp/T/RackMultipart20251021-69630-mwx7p2.csv>, @content_type="text/csv", @original_filename="sample_products.csv", @headers="Content-Disposition: form-data; name=\"csv_file\"; filename=\"sample_products.csv\"\r\nContent-Type: text/csv\r\n">, "commit"=>"Upload CSV"}
  [1m[36mProduct Load (0.4ms)[0m  [1m[34mSELECT "products".* FROM "products"[0m
  ↳ app/controllers/price_calculator_controller.rb:11:in `upload_csv'
Redirected to http://127.0.0.1:3000/
Completed 302 Found in 9ms (ActiveRecord: 0.4ms | Allocations: 1121)


Started GET "/" for 127.0.0.1 at 2025-10-21 00:59:19 +0530
Processing by PriceCalculatorController#index as TURBO_STREAM
  [1m[36mProduct Pluck (0.2ms)[0m  [1m[34mSELECT DISTINCT "products"."level" FROM "products"[0m
  ↳ app/controllers/price_calculator_controller.rb:4:in `index'
  Rendering layout layouts/application.html.erb
  Rendering price_calculator/index.html.erb within layouts/application
  Rendered price_calculator/index.html.erb within layouts/application (Duration: 1.4ms | Allocations: 1038)
  Rendered layout layouts/application.html.erb (Duration: 4.4ms | Allocations: 2899)
Completed 200 OK in 6ms (Views: 4.9ms | ActiveRecord: 0.2ms | Allocations: 3515)


